<?xml version="1.0" encoding="UTF-8"?>
<!-- Generated by org.testng.reporters.JUnitReportReporter -->
<testsuite skipped="0" hostname="USER-PC" name="com.qa.Resttestcases.PutAPITest" tests="1" failures="0" timestamp="11 Dec 2019 11:09:20 GMT" time="2.362" errors="0">
  <testcase name="putApiTest" time="2.362" classname="com.qa.Resttestcases.PutAPITest"/>
</testsuite> <!-- com.qa.Resttestcases.PutAPITest -->
