<?xml version="1.0" encoding="UTF-8"?>
<!-- Generated by org.testng.reporters.JUnitReportReporter -->
<testsuite skipped="0" hostname="USER-PC" name="com.qa.Resttestcases.PostAPITest" tests="1" failures="0" timestamp="11 Dec 2019 11:09:01 GMT" time="3.362" errors="0">
  <testcase name="postApiTest" time="3.362" classname="com.qa.Resttestcases.PostAPITest"/>
</testsuite> <!-- com.qa.Resttestcases.PostAPITest -->
